<?xml version="1.0" encoding="UTF-8"?>
<testsuite xmlns:xsi="http://www.w3.org/2001/XMLSchema-instance" xsi:noNamespaceSchemaLocation="https://maven.apache.org/surefire/maven-surefire-plugin/xsd/surefire-test-report-3.0.xsd" version="3.0" name="dev.filechampion.filechampion4j.ExtensionsTest" time="0.107" tests="3" errors="0" skipped="0" failures="0">
  <properties>
[...]
</properties>
  <testcase name="testInvalidConstructor" classname="dev.filechampion.filechampion4j.ExtensionsTest" time="0.067">
    <system-err><![CDATA[May 04, 2023 5:50:12 PM dev.filechampion.filechampion4j.Extensions logWarn
WARNING: Unsupported key: illegal_key
]]></system-err>
  </testcase>
  <testcase name="testGetValidationValue" classname="dev.filechampion.filechampion4j.ExtensionsTest" time="0.007">
    <system-err><![CDATA[May 04, 2023 5:50:12 PM dev.filechampion.filechampion4j.Extensions logInfo
INFO: Loaded Validations Configurtion
May 04, 2023 5:50:12 PM dev.filechampion.filechampion4j.Extensions logWarn
WARNING: category null not found
May 04, 2023 5:50:12 PM dev.filechampion.filechampion4j.Extensions logWarn
WARNING: extension null not found
May 04, 2023 5:50:12 PM dev.filechampion.filechampion4j.Extensions logWarn
WARNING: validationKey cannot be null or empty
]]></system-err>
  </testcase>
  <testcase name="testConstructor" classname="dev.filechampion.filechampion4j.ExtensionsTest" time="0.002">
    <system-err><![CDATA[May 04, 2023 5:50:12 PM dev.filechampion.filechampion4j.Extensions logInfo
INFO: Loaded Validations Configurtion
]]></system-err>
  </testcase>
</testsuite>