<?xml version="1.0" encoding="UTF-8"?>
<testsuite xmlns:xsi="http://www.w3.org/2001/XMLSchema-instance" xsi:noNamespaceSchemaLocation="https://maven.apache.org/surefire/maven-surefire-plugin/xsd/surefire-test-report-3.0.xsd" version="3.0" name="dev.filechampion.filechampion4j.FileValidatorJsonFastFailTest" time="9.641" tests="15" errors="0" skipped="0" failures="0">
  <properties>
[...]
</properties>
  <testcase name="testBasicConfig" classname="dev.filechampion.filechampion4j.FileValidatorJsonFastFailTest" time="4.575">
    <system-err><![CDATA[May 04, 2023 5:50:22 PM dev.filechampion.filechampion4j.Extensions logInfo
INFO: Loaded Validations Configurtion
May 04, 2023 5:50:22 PM dev.filechampion.filechampion4j.FileValidator logInfo
INFO: Validating test.pdf, as file type: Documents
May 04, 2023 5:50:22 PM dev.filechampion.filechampion4j.FileValidator logInfo
INFO: No before plugins defined for file: test.pdf
May 04, 2023 5:50:22 PM dev.filechampion.filechampion4j.FileValidator logInfo
INFO: 
1. File size check passed, file size: 343KB
2. Mime type check passed, mime type: application/pdf
3. Magic bytes check passed, magic bytes: 25504446
4. Header signatures check passed, header signatures: 25504446
5. Footer signatures check passed, footer signatures: 2525454f46
1. No after plugins to execute
2. File is valid: test.pdf
]]></system-err>
  </testcase>
  <testcase name="testIntSizeValue" classname="dev.filechampion.filechampion4j.FileValidatorJsonFastFailTest" time="0.491">
    <system-err><![CDATA[May 04, 2023 5:50:23 PM dev.filechampion.filechampion4j.Extensions logInfo
INFO: Loaded Validations Configurtion
May 04, 2023 5:50:23 PM dev.filechampion.filechampion4j.FileValidator logInfo
INFO: Validating test.pdf, as file type: Documents
May 04, 2023 5:50:23 PM dev.filechampion.filechampion4j.FileValidator logInfo
INFO: No before plugins defined for file: test.pdf
May 04, 2023 5:50:23 PM dev.filechampion.filechampion4j.FileValidator logInfo
INFO: 
1. File size check passed, file size: 343KB
2. Mime type check passed, mime type: application/pdf
3. Magic bytes check passed, magic bytes: 25504446
4. Header signatures check passed, header signatures: 25504446
5. Footer signatures check passed, footer signatures: 2525454f46
1. No after plugins to execute
2. File is valid: test.pdf
]]></system-err>
  </testcase>
  <testcase name="testInValidMagic" classname="dev.filechampion.filechampion4j.FileValidatorJsonFastFailTest" time="0.466">
    <system-err><![CDATA[May 04, 2023 5:50:23 PM dev.filechampion.filechampion4j.Extensions logInfo
INFO: Loaded Validations Configurtion
May 04, 2023 5:50:23 PM dev.filechampion.filechampion4j.FileValidator logInfo
INFO: Validating test.pdf, as file type: Documents
May 04, 2023 5:50:23 PM dev.filechampion.filechampion4j.FileValidator logInfo
INFO: No before plugins defined for file: test.pdf
May 04, 2023 5:50:23 PM dev.filechampion.filechampion4j.ValidationsHelper logWarn
WARNING: 
1. Invalid magic_bytes for file: test.pdf
May 04, 2023 5:50:23 PM dev.filechampion.filechampion4j.ValidationsHelper logWarn
WARNING: 
1. Invalid magic_bytes for file: test.pdf
May 04, 2023 5:50:23 PM dev.filechampion.filechampion4j.FileValidator logWarn
WARNING: 
1. Invalid magic_bytes for file: test.pdf
]]></system-err>
  </testcase>
  <testcase name="testLongMimeValue" classname="dev.filechampion.filechampion4j.FileValidatorJsonFastFailTest" time="0.003">
    <system-err><![CDATA[May 04, 2023 5:50:23 PM dev.filechampion.filechampion4j.FileValidator logWarn
WARNING: Error initializing extensions: Unsupported value type: java.math.BigInteger for key: magic_bytes
]]></system-err>
  </testcase>
  <testcase name="testInValidMime" classname="dev.filechampion.filechampion4j.FileValidatorJsonFastFailTest" time="0.467">
    <system-err><![CDATA[May 04, 2023 5:50:24 PM dev.filechampion.filechampion4j.Extensions logInfo
INFO: Loaded Validations Configurtion
May 04, 2023 5:50:24 PM dev.filechampion.filechampion4j.FileValidator logInfo
INFO: Validating test.pdf, as file type: Documents
May 04, 2023 5:50:24 PM dev.filechampion.filechampion4j.FileValidator logInfo
INFO: No before plugins defined for file: test.pdf
May 04, 2023 5:50:24 PM dev.filechampion.filechampion4j.ValidationsHelper logWarn
WARNING: 
1. Invalid mime_type for file: test.pdf
May 04, 2023 5:50:24 PM dev.filechampion.filechampion4j.ValidationsHelper logWarn
WARNING: 
1. Invalid mime_type for file: test.pdf
May 04, 2023 5:50:24 PM dev.filechampion.filechampion4j.FileValidator logWarn
WARNING: 
1. Invalid mime_type for file: test.pdf
]]></system-err>
  </testcase>
  <testcase name="testArrayInString" classname="dev.filechampion.filechampion4j.FileValidatorJsonFastFailTest" time="0.002">
    <system-err><![CDATA[May 04, 2023 5:50:24 PM dev.filechampion.filechampion4j.Extensions logWarn
WARNING: Unsupported value type: java.util.ArrayList for key: footer_signatures
May 04, 2023 5:50:24 PM dev.filechampion.filechampion4j.FileValidator logWarn
WARNING: Error initializing extensions: Unsupported value type: java.util.ArrayList for key: footer_signatures
]]></system-err>
  </testcase>
  <testcase name="testBoolInString" classname="dev.filechampion.filechampion4j.FileValidatorJsonFastFailTest" time="0.006">
    <system-err><![CDATA[May 04, 2023 5:50:24 PM dev.filechampion.filechampion4j.Extensions logWarn
WARNING: Unsupported value type: java.lang.Boolean for key: magic_bytes
May 04, 2023 5:50:24 PM dev.filechampion.filechampion4j.FileValidator logWarn
WARNING: Error initializing extensions: Unsupported value type: java.lang.Boolean for key: magic_bytes
]]></system-err>
  </testcase>
  <testcase name="testJsonEncodeFalse" classname="dev.filechampion.filechampion4j.FileValidatorJsonFastFailTest" time="0.491">
    <system-err><![CDATA[May 04, 2023 5:50:24 PM dev.filechampion.filechampion4j.Extensions logInfo
INFO: Loaded Validations Configurtion
May 04, 2023 5:50:24 PM dev.filechampion.filechampion4j.FileValidator logInfo
INFO: Validating test.pdf, as file type: Documents
May 04, 2023 5:50:24 PM dev.filechampion.filechampion4j.FileValidator logInfo
INFO: No before plugins defined for file: test.pdf
May 04, 2023 5:50:24 PM dev.filechampion.filechampion4j.FileValidator logInfo
INFO: 
1. File size check passed, file size: 343KB
2. Mime type check passed, mime type: application/pdf
3. Magic bytes check passed, magic bytes: 25504446
4. Header signatures check passed, header signatures: 25504446
5. Footer signatures check passed, footer signatures: 2525454f46
1. No after plugins to execute
2. File is valid: test.pdf
]]></system-err>
  </testcase>
  <testcase name="testStringInBool" classname="dev.filechampion.filechampion4j.FileValidatorJsonFastFailTest" time="0.003">
    <system-err><![CDATA[May 04, 2023 5:50:24 PM dev.filechampion.filechampion4j.Extensions logWarn
WARNING: Unsupported value type: java.lang.String for key: name_encoding
May 04, 2023 5:50:24 PM dev.filechampion.filechampion4j.FileValidator logWarn
WARNING: Error initializing extensions: Unsupported value type: java.lang.String for key: name_encoding
]]></system-err>
  </testcase>
  <testcase name="testSizeZero" classname="dev.filechampion.filechampion4j.FileValidatorJsonFastFailTest" time="0.513">
    <system-err><![CDATA[May 04, 2023 5:50:25 PM dev.filechampion.filechampion4j.Extensions logInfo
INFO: Loaded Validations Configurtion
May 04, 2023 5:50:25 PM dev.filechampion.filechampion4j.FileValidator logInfo
INFO: Validating test.pdf, as file type: Documents
May 04, 2023 5:50:25 PM dev.filechampion.filechampion4j.FileValidator logInfo
INFO: No before plugins defined for file: test.pdf
May 04, 2023 5:50:25 PM dev.filechampion.filechampion4j.ValidationsHelper logWarn
WARNING: 
1. Invalid file size (343KB) exceeds maximum allowed size (0KB) for file: test.pdf
May 04, 2023 5:50:25 PM dev.filechampion.filechampion4j.ValidationsHelper logWarn
WARNING: 
1. Invalid file size (343KB) exceeds maximum allowed size (0KB) for file: test.pdf
May 04, 2023 5:50:25 PM dev.filechampion.filechampion4j.FileValidator logWarn
WARNING: 
1. Invalid file size (343KB) exceeds maximum allowed size (0KB) for file: test.pdf
]]></system-err>
  </testcase>
  <testcase name="testNoMime" classname="dev.filechampion.filechampion4j.FileValidatorJsonFastFailTest" time="0.535">
    <system-err><![CDATA[May 04, 2023 5:50:25 PM dev.filechampion.filechampion4j.Extensions logInfo
INFO: Loaded Validations Configurtion
May 04, 2023 5:50:25 PM dev.filechampion.filechampion4j.FileValidator logInfo
INFO: Validating test.pdf, as file type: Documents
May 04, 2023 5:50:25 PM dev.filechampion.filechampion4j.FileValidator logInfo
INFO: No before plugins defined for file: test.pdf
May 04, 2023 5:50:25 PM dev.filechampion.filechampion4j.FileValidator logInfo
INFO: 
1. File size check passed, file size: 343KB
2. Mime type check passed, mime type: null
3. Magic bytes check passed, magic bytes: 25504446
4. Header signatures check passed, header signatures: 25504446
5. Footer signatures check passed, footer signatures: 2525454f46
1. No after plugins to execute
2. File is valid: test.pdf
]]></system-err>
  </testcase>
  <testcase name="testNoSigs" classname="dev.filechampion.filechampion4j.FileValidatorJsonFastFailTest" time="0.493">
    <system-err><![CDATA[May 04, 2023 5:50:26 PM dev.filechampion.filechampion4j.Extensions logInfo
INFO: Loaded Validations Configurtion
May 04, 2023 5:50:26 PM dev.filechampion.filechampion4j.FileValidator logInfo
INFO: Validating test.pdf, as file type: Documents
May 04, 2023 5:50:26 PM dev.filechampion.filechampion4j.FileValidator logInfo
INFO: No before plugins defined for file: test.pdf
May 04, 2023 5:50:26 PM dev.filechampion.filechampion4j.FileValidator logInfo
INFO: 
1. File size check passed, file size: 343KB
2. Mime type check passed, mime type: application/pdf
3. Magic bytes check passed, magic bytes: 25504446
4. Header signatures check passed, header signatures: null
5. Footer signatures check passed, footer signatures: null
1. No after plugins to execute
2. File is valid: test.pdf
]]></system-err>
  </testcase>
  <testcase name="testInValidMagicFooter" classname="dev.filechampion.filechampion4j.FileValidatorJsonFastFailTest" time="0.592">
    <system-err><![CDATA[May 04, 2023 5:50:27 PM dev.filechampion.filechampion4j.Extensions logInfo
INFO: Loaded Validations Configurtion
May 04, 2023 5:50:27 PM dev.filechampion.filechampion4j.FileValidator logInfo
INFO: Validating test.pdf, as file type: Documents
May 04, 2023 5:50:27 PM dev.filechampion.filechampion4j.FileValidator logInfo
INFO: No before plugins defined for file: test.pdf
May 04, 2023 5:50:27 PM dev.filechampion.filechampion4j.ValidationsHelper logWarn
WARNING: 
1. Invalid footer_signatures for file: test.pdf
May 04, 2023 5:50:27 PM dev.filechampion.filechampion4j.ValidationsHelper logWarn
WARNING: 
1. Invalid footer_signatures for file: test.pdf
May 04, 2023 5:50:27 PM dev.filechampion.filechampion4j.FileValidator logWarn
WARNING: 
1. Invalid footer_signatures for file: test.pdf
]]></system-err>
  </testcase>
  <testcase name="testNoMagic" classname="dev.filechampion.filechampion4j.FileValidatorJsonFastFailTest" time="0.51">
    <system-err><![CDATA[May 04, 2023 5:50:27 PM dev.filechampion.filechampion4j.Extensions logInfo
INFO: Loaded Validations Configurtion
May 04, 2023 5:50:27 PM dev.filechampion.filechampion4j.FileValidator logInfo
INFO: Validating test.pdf, as file type: Documents
May 04, 2023 5:50:27 PM dev.filechampion.filechampion4j.FileValidator logInfo
INFO: No before plugins defined for file: test.pdf
May 04, 2023 5:50:27 PM dev.filechampion.filechampion4j.FileValidator logInfo
INFO: 
1. File size check passed, file size: 343KB
2. Mime type check passed, mime type: application/pdf
3. Magic bytes check passed, magic bytes: null
4. Header signatures check passed, header signatures: 25504446
5. Footer signatures check passed, footer signatures: 2525454f46
1. No after plugins to execute
2. File is valid: test.pdf
]]></system-err>
  </testcase>
  <testcase name="testInValidMagicHeader" classname="dev.filechampion.filechampion4j.FileValidatorJsonFastFailTest" time="0.416">
    <system-err><![CDATA[May 04, 2023 5:50:27 PM dev.filechampion.filechampion4j.Extensions logInfo
INFO: Loaded Validations Configurtion
May 04, 2023 5:50:27 PM dev.filechampion.filechampion4j.FileValidator logInfo
INFO: Validating test.pdf, as file type: Documents
May 04, 2023 5:50:27 PM dev.filechampion.filechampion4j.FileValidator logInfo
INFO: No before plugins defined for file: test.pdf
May 04, 2023 5:50:28 PM dev.filechampion.filechampion4j.ValidationsHelper logWarn
WARNING: 
1. Invalid header_signatures for file: test.pdf
May 04, 2023 5:50:28 PM dev.filechampion.filechampion4j.ValidationsHelper logWarn
WARNING: 
1. Invalid header_signatures for file: test.pdf
May 04, 2023 5:50:28 PM dev.filechampion.filechampion4j.FileValidator logWarn
WARNING: 
1. Invalid header_signatures for file: test.pdf
]]></system-err>
  </testcase>
</testsuite>