<?xml version="1.0" encoding="UTF-8"?>
<testsuite xmlns:xsi="http://www.w3.org/2001/XMLSchema-instance" xsi:noNamespaceSchemaLocation="https://maven.apache.org/surefire/maven-surefire-plugin/xsd/surefire-test-report-3.0.xsd" version="3.0" name="dev.filechampion.filechampion4j.FileValidatorTest" time="40.258" tests="30" errors="0" skipped="0" failures="0">
  <properties>
[...]
</properties>
  <testcase name="testValidInputsBytesExtDontExistFilename" classname="dev.filechampion.filechampion4j.FileValidatorTest" time="5.173">
    <system-err><![CDATA[May 04, 2023 5:50:46 PM dev.filechampion.filechampion4j.Extensions logInfo
INFO: Loaded Validations Configurtion
May 04, 2023 5:50:47 PM dev.filechampion.filechampion4j.FileValidator logInfo
INFO: Validating test.extensiondoesnotexist, as file type: Documents
May 04, 2023 5:50:47 PM dev.filechampion.filechampion4j.Extensions logWarn
WARNING: extension extensiondoesnotexist not found
]]></system-err>
  </testcase>
  <testcase name="testValidInputsPathStore" classname="dev.filechampion.filechampion4j.FileValidatorTest" time="1.89">
    <system-err><![CDATA[May 04, 2023 5:50:48 PM dev.filechampion.filechampion4j.Extensions logInfo
INFO: Loaded Validations Configurtion
May 04, 2023 5:50:48 PM dev.filechampion.filechampion4j.FileValidator logInfo
INFO: Validating test.pdf, as file type: Documents
May 04, 2023 5:50:48 PM dev.filechampion.filechampion4j.FileValidator logInfo
INFO: executeBeforePlugins completed: 
	a. Success for step: clean_pdf_documents1.step1
May 04, 2023 5:50:49 PM dev.filechampion.filechampion4j.FileValidator logInfo
INFO: 
1. executeBeforePlugins executed successfully: executeBeforePlugins completed: 
	a. Success for step: clean_pdf_documents1.step1
1. File size check passed, file size: 343KB
2. Mime type check passed, mime type: application/pdf
3. Magic bytes check passed, magic bytes: 25504446
4. Header signatures check passed, header signatures: 25504446
5. Footer signatures check passed, footer signatures: 2525454f46
2. executeAfterPlugins executed successfully: executeAfterPlugins completed: 
	a. Success for step: clean_pdf_documents2.step1
	b. Success for step: clean_pdf_documents3.step1
3. File name: test.pdf has been successfully encoded to: dGVzdC5wZGY=.pdf
4. File is valid and was saved to output directory: C:\Users\User1\AppData\Local\Temp\junit7145683844610606890\dGVzdC5wZGY=.pdf
]]></system-err>
  </testcase>
  <testcase name="testValidInputsMimeStore" classname="dev.filechampion.filechampion4j.FileValidatorTest" time="1.899">
    <system-err><![CDATA[May 04, 2023 5:50:49 PM dev.filechampion.filechampion4j.Extensions logInfo
INFO: Loaded Validations Configurtion
May 04, 2023 5:50:50 PM dev.filechampion.filechampion4j.FileValidator logInfo
INFO: Validating test.pdf, as file type: Documents
May 04, 2023 5:50:50 PM dev.filechampion.filechampion4j.FileValidator logInfo
INFO: executeBeforePlugins completed: 
	a. Success for step: clean_pdf_documents1.step1
May 04, 2023 5:50:51 PM dev.filechampion.filechampion4j.FileValidator logInfo
INFO: 
1. executeBeforePlugins executed successfully: executeBeforePlugins completed: 
	a. Success for step: clean_pdf_documents1.step1
1. File size check passed, file size: 343KB
2. Mime type check passed, mime type: application/pdf
3. Magic bytes check passed, magic bytes: 25504446
4. Header signatures check passed, header signatures: 25504446
5. Footer signatures check passed, footer signatures: 2525454f46
2. executeAfterPlugins executed successfully: executeAfterPlugins completed: 
	a. Success for step: clean_pdf_documents2.step1
	b. Success for step: clean_pdf_documents3.step1
3. File name: test.pdf has been successfully encoded to: dGVzdC5wZGY=.pdf
4. File is valid and was saved to output directory: C:\Users\User1\AppData\Local\Temp\junit2142893380770256888\dGVzdC5wZGY=.pdf
]]></system-err>
  </testcase>
  <testcase name="testValidInputsNoPathMime" classname="dev.filechampion.filechampion4j.FileValidatorTest" time="0.468">
    <system-err><![CDATA[May 04, 2023 5:50:51 PM dev.filechampion.filechampion4j.Extensions logInfo
INFO: Loaded Validations Configurtion
]]></system-err>
  </testcase>
  <testcase name="testValidInputsLargeBytesStore" classname="dev.filechampion.filechampion4j.FileValidatorTest" time="0.983">
    <system-err><![CDATA[May 04, 2023 5:50:52 PM dev.filechampion.filechampion4j.Extensions logInfo
INFO: Loaded Validations Configurtion
May 04, 2023 5:50:52 PM dev.filechampion.filechampion4j.Extensions logInfo
INFO: Loaded Validations Configurtion
May 04, 2023 5:50:52 PM dev.filechampion.filechampion4j.FileValidator logInfo
INFO: Validating testVeryLarge.pdf, as file type: Documents
May 04, 2023 5:50:52 PM dev.filechampion.filechampion4j.FileValidator logInfo
INFO: No before plugins defined for file: testVeryLarge.pdf
May 04, 2023 5:50:52 PM dev.filechampion.filechampion4j.FileValidator logInfo
INFO: 
1. File size check passed, file size: 56715KB
2. Mime type check passed, mime type: application/pdf
3. Magic bytes check passed, magic bytes: null
4. Header signatures check passed, header signatures: null
5. Footer signatures check passed, footer signatures: null
1. No after plugins to execute
2. File is valid and was saved to output directory: C:\Users\User1\AppData\Local\Temp\junit944147996354199448\testVeryLarge.pdf
]]></system-err>
  </testcase>
  <testcase name="testValidInputsMime" classname="dev.filechampion.filechampion4j.FileValidatorTest" time="0.925">
    <system-err><![CDATA[May 04, 2023 5:50:53 PM dev.filechampion.filechampion4j.Extensions logInfo
INFO: Loaded Validations Configurtion
May 04, 2023 5:50:53 PM dev.filechampion.filechampion4j.Extensions logInfo
INFO: Loaded Validations Configurtion
May 04, 2023 5:50:53 PM dev.filechampion.filechampion4j.FileValidator logInfo
INFO: Validating test.pdf, as file type: Documents
May 04, 2023 5:50:53 PM dev.filechampion.filechampion4j.FileValidator logInfo
INFO: No before plugins defined for file: test.pdf
May 04, 2023 5:50:53 PM dev.filechampion.filechampion4j.FileValidator logInfo
INFO: 
1. File size check passed, file size: 343KB
2. Mime type check passed, mime type: application/pdf
3. Magic bytes check passed, magic bytes: null
4. Header signatures check passed, header signatures: null
5. Footer signatures check passed, footer signatures: null
1. No after plugins to execute
2. File is valid: test.pdf
]]></system-err>
  </testcase>
  <testcase name="testValidInputsPath" classname="dev.filechampion.filechampion4j.FileValidatorTest" time="1.806">
    <system-err><![CDATA[May 04, 2023 5:50:54 PM dev.filechampion.filechampion4j.Extensions logInfo
INFO: Loaded Validations Configurtion
May 04, 2023 5:50:54 PM dev.filechampion.filechampion4j.FileValidator logInfo
INFO: Validating test.pdf, as file type: Documents
May 04, 2023 5:50:54 PM dev.filechampion.filechampion4j.FileValidator logInfo
INFO: executeBeforePlugins completed: 
	a. Success for step: clean_pdf_documents1.step1
May 04, 2023 5:50:55 PM dev.filechampion.filechampion4j.FileValidator logInfo
INFO: 
1. executeBeforePlugins executed successfully: executeBeforePlugins completed: 
	a. Success for step: clean_pdf_documents1.step1
1. File size check passed, file size: 343KB
2. Mime type check passed, mime type: application/pdf
3. Magic bytes check passed, magic bytes: 25504446
4. Header signatures check passed, header signatures: 25504446
5. Footer signatures check passed, footer signatures: 2525454f46
2. executeAfterPlugins executed successfully: executeAfterPlugins completed: 
	a. Success for step: clean_pdf_documents2.step1
	b. Success for step: clean_pdf_documents3.step1
3. File name: test.pdf has been successfully encoded to: dGVzdC5wZGY=.pdf
4. File is valid: test.pdf
]]></system-err>
  </testcase>
  <testcase name="testFileTooLarge" classname="dev.filechampion.filechampion4j.FileValidatorTest" time="9.282">
    <system-err><![CDATA[May 04, 2023 5:50:56 PM dev.filechampion.filechampion4j.Extensions logInfo
INFO: Loaded Validations Configurtion
May 04, 2023 5:50:56 PM dev.filechampion.filechampion4j.Extensions logInfo
INFO: Loaded Validations Configurtion
May 04, 2023 5:51:04 PM dev.filechampion.filechampion4j.FileValidator logInfo
INFO: Validating largeFile.pdf, as file type: Documents
May 04, 2023 5:51:04 PM dev.filechampion.filechampion4j.FileValidator logInfo
INFO: No before plugins defined for file: largeFile.pdf
May 04, 2023 5:51:04 PM dev.filechampion.filechampion4j.ValidationsHelper logWarn
WARNING: 
1. Invalid file size (6878KB) exceeds maximum allowed size (10KB) for file: largeFile.pdf
May 04, 2023 5:51:04 PM dev.filechampion.filechampion4j.ValidationsHelper logWarn
WARNING: 
1. Invalid file size (6878KB) exceeds maximum allowed size (10KB) for file: largeFile.pdf
May 04, 2023 5:51:04 PM dev.filechampion.filechampion4j.FileValidator logWarn
WARNING: 
1. Invalid file size (6878KB) exceeds maximum allowed size (10KB) for file: largeFile.pdf
]]></system-err>
  </testcase>
  <testcase name="testNullConfigJsonObject" classname="dev.filechampion.filechampion4j.FileValidatorTest" time="0.457">
    <system-err><![CDATA[May 04, 2023 5:51:05 PM dev.filechampion.filechampion4j.Extensions logInfo
INFO: Loaded Validations Configurtion
]]></system-err>
  </testcase>
  <testcase name="testValidInputsPathMimeStore" classname="dev.filechampion.filechampion4j.FileValidatorTest" time="1.846">
    <system-err><![CDATA[May 04, 2023 5:51:05 PM dev.filechampion.filechampion4j.Extensions logInfo
INFO: Loaded Validations Configurtion
May 04, 2023 5:51:06 PM dev.filechampion.filechampion4j.FileValidator logInfo
INFO: Validating test.pdf, as file type: Documents
May 04, 2023 5:51:06 PM dev.filechampion.filechampion4j.FileValidator logInfo
INFO: executeBeforePlugins completed: 
	a. Success for step: clean_pdf_documents1.step1
May 04, 2023 5:51:07 PM dev.filechampion.filechampion4j.FileValidator logInfo
INFO: 
1. executeBeforePlugins executed successfully: executeBeforePlugins completed: 
	a. Success for step: clean_pdf_documents1.step1
1. File size check passed, file size: 343KB
2. Mime type check passed, mime type: application/pdf
3. Magic bytes check passed, magic bytes: 25504446
4. Header signatures check passed, header signatures: 25504446
5. Footer signatures check passed, footer signatures: 2525454f46
2. executeAfterPlugins executed successfully: executeAfterPlugins completed: 
	a. Success for step: clean_pdf_documents2.step1
	b. Success for step: clean_pdf_documents3.step1
3. File name: test.pdf has been successfully encoded to: dGVzdC5wZGY=.pdf
4. File is valid and was saved to output directory: C:\Users\User1\AppData\Local\Temp\junit904227621011418254\dGVzdC5wZGY=.pdf
]]></system-err>
  </testcase>
  <testcase name="testDefaultLoggingConfiguration" classname="dev.filechampion.filechampion4j.FileValidatorTest" time="0.466">
    <system-err><![CDATA[May 04, 2023 5:51:07 PM dev.filechampion.filechampion4j.Extensions logInfo
INFO: Loaded Validations Configurtion
]]></system-err>
  </testcase>
  <testcase name="testValidInputsNoPath" classname="dev.filechampion.filechampion4j.FileValidatorTest" time="0.401">
    <system-err><![CDATA[May 04, 2023 5:51:07 PM dev.filechampion.filechampion4j.Extensions logInfo
INFO: Loaded Validations Configurtion
]]></system-err>
  </testcase>
  <testcase name="testBlankFileCategory" classname="dev.filechampion.filechampion4j.FileValidatorTest" time="0.515">
    <system-err><![CDATA[May 04, 2023 5:51:08 PM dev.filechampion.filechampion4j.Extensions logInfo
INFO: Loaded Validations Configurtion
]]></system-err>
  </testcase>
  <testcase name="testContenMismatch" classname="dev.filechampion.filechampion4j.FileValidatorTest" time="0.441">
    <system-err><![CDATA[May 04, 2023 5:51:08 PM dev.filechampion.filechampion4j.Extensions logInfo
INFO: Loaded Validations Configurtion
May 04, 2023 5:51:08 PM dev.filechampion.filechampion4j.Extensions logInfo
INFO: Loaded Validations Configurtion
May 04, 2023 5:51:08 PM dev.filechampion.filechampion4j.FileValidator logInfo
INFO: Validating notReal.pdf, as file type: Documents
May 04, 2023 5:51:08 PM dev.filechampion.filechampion4j.FileValidator logInfo
INFO: No before plugins defined for file: notReal.pdf
May 04, 2023 5:51:08 PM dev.filechampion.filechampion4j.ValidationsHelper logWarn
WARNING: 
1. Invalid magic_bytes for file: notReal.pdf
May 04, 2023 5:51:08 PM dev.filechampion.filechampion4j.ValidationsHelper logWarn
WARNING: 
1. Invalid magic_bytes for file: notReal.pdf
May 04, 2023 5:51:08 PM dev.filechampion.filechampion4j.FileValidator logWarn
WARNING: 
1. Invalid magic_bytes for file: notReal.pdf
]]></system-err>
  </testcase>
  <testcase name="testSaveToBlockedExistingDirectory" classname="dev.filechampion.filechampion4j.FileValidatorTest" time="0.812">
    <system-err><![CDATA[May 04, 2023 5:51:09 PM dev.filechampion.filechampion4j.Extensions logInfo
INFO: Loaded Validations Configurtion
]]></system-err>
  </testcase>
  <testcase name="testFileCategoryNotConfigured" classname="dev.filechampion.filechampion4j.FileValidatorTest" time="0.419">
    <system-err><![CDATA[May 04, 2023 5:51:10 PM dev.filechampion.filechampion4j.Extensions logInfo
INFO: Loaded Validations Configurtion
May 04, 2023 5:51:10 PM dev.filechampion.filechampion4j.FileValidator logInfo
INFO: Validating test.pdf, as file type: 0934jt0-349rtj3409rj3409rj
May 04, 2023 5:51:10 PM dev.filechampion.filechampion4j.Extensions logWarn
WARNING: category 0934jt0-349rtj3409rj3409rj not found
]]></system-err>
  </testcase>
  <testcase name="testBlankFileName" classname="dev.filechampion.filechampion4j.FileValidatorTest" time="0.52">
    <system-err><![CDATA[May 04, 2023 5:51:10 PM dev.filechampion.filechampion4j.Extensions logInfo
INFO: Loaded Validations Configurtion
]]></system-err>
  </testcase>
  <testcase name="testNullOriginalFile" classname="dev.filechampion.filechampion4j.FileValidatorTest" time="0.39">
    <system-err><![CDATA[May 04, 2023 5:51:11 PM dev.filechampion.filechampion4j.Extensions logInfo
INFO: Loaded Validations Configurtion
]]></system-err>
  </testcase>
  <testcase name="testSaveToNonExistingDirectory" classname="dev.filechampion.filechampion4j.FileValidatorTest" time="0.885">
    <system-err><![CDATA[May 04, 2023 5:51:11 PM dev.filechampion.filechampion4j.Extensions logInfo
INFO: Loaded Validations Configurtion
]]></system-err>
  </testcase>
  <testcase name="testValidInputsBytesStoreNoChecksum" classname="dev.filechampion.filechampion4j.FileValidatorTest" time="0.941">
    <system-err><![CDATA[May 04, 2023 5:51:12 PM dev.filechampion.filechampion4j.Extensions logInfo
INFO: Loaded Validations Configurtion
May 04, 2023 5:51:12 PM dev.filechampion.filechampion4j.Extensions logInfo
INFO: Loaded Validations Configurtion
May 04, 2023 5:51:12 PM dev.filechampion.filechampion4j.FileValidator logInfo
INFO: Validating test_test.pdf, as file type: LargeDocuments
May 04, 2023 5:51:12 PM dev.filechampion.filechampion4j.FileValidator logInfo
INFO: No before plugins defined for file: test_test.pdf
May 04, 2023 5:51:12 PM dev.filechampion.filechampion4j.FileValidator logInfo
INFO: 
1. File size check passed, file size: 343KB
2. Mime type check passed, mime type: application/pdf
3. Magic bytes check passed, magic bytes: 25504446
4. Header signatures check passed, header signatures: 25504446
5. Footer signatures check passed, footer signatures: 2525454f46
1. No after plugins to execute
2. File is valid: test_test.pdf
]]></system-err>
  </testcase>
  <testcase name="testEmptyOriginalFile" classname="dev.filechampion.filechampion4j.FileValidatorTest" time="0.423">
    <system-err><![CDATA[May 04, 2023 5:51:13 PM dev.filechampion.filechampion4j.Extensions logInfo
INFO: Loaded Validations Configurtion
]]></system-err>
  </testcase>
  <testcase name="testValidInputsNoPathStore" classname="dev.filechampion.filechampion4j.FileValidatorTest" time="0.445">
    <system-err><![CDATA[May 04, 2023 5:51:13 PM dev.filechampion.filechampion4j.Extensions logInfo
INFO: Loaded Validations Configurtion
]]></system-err>
  </testcase>
  <testcase name="testValidInputsLargeBytesStoreNoChecksum" classname="dev.filechampion.filechampion4j.FileValidatorTest" time="0.614">
    <system-err><![CDATA[May 04, 2023 5:51:14 PM dev.filechampion.filechampion4j.Extensions logInfo
INFO: Loaded Validations Configurtion
May 04, 2023 5:51:14 PM dev.filechampion.filechampion4j.Extensions logInfo
INFO: Loaded Validations Configurtion
May 04, 2023 5:51:14 PM dev.filechampion.filechampion4j.FileValidator logInfo
INFO: Validating testVeryLarge.pdf, as file type: Documents
May 04, 2023 5:51:14 PM dev.filechampion.filechampion4j.FileValidator logInfo
INFO: No before plugins defined for file: testVeryLarge.pdf
May 04, 2023 5:51:14 PM dev.filechampion.filechampion4j.FileValidator logInfo
INFO: 
1. File size check passed, file size: 56715KB
2. Mime type check passed, mime type: application/pdf
3. Magic bytes check passed, magic bytes: null
4. Header signatures check passed, header signatures: null
5. Footer signatures check passed, footer signatures: null
1. No after plugins to execute
2. File is valid and was saved to output directory: C:\Users\User1\AppData\Local\Temp\junit2109445144249471299\testVeryLarge.pdf
]]></system-err>
  </testcase>
  <testcase name="testValidInputsBytes" classname="dev.filechampion.filechampion4j.FileValidatorTest" time="1.894">
    <system-err><![CDATA[May 04, 2023 5:51:14 PM dev.filechampion.filechampion4j.Extensions logInfo
INFO: Loaded Validations Configurtion
May 04, 2023 5:51:15 PM dev.filechampion.filechampion4j.FileValidator logInfo
INFO: Validating test.pdf, as file type: Documents
May 04, 2023 5:51:15 PM dev.filechampion.filechampion4j.FileValidator logInfo
INFO: executeBeforePlugins completed: 
	a. Success for step: clean_pdf_documents1.step1
May 04, 2023 5:51:16 PM dev.filechampion.filechampion4j.FileValidator logInfo
INFO: 
1. executeBeforePlugins executed successfully: executeBeforePlugins completed: 
	a. Success for step: clean_pdf_documents1.step1
1. File size check passed, file size: 343KB
2. Mime type check passed, mime type: application/pdf
3. Magic bytes check passed, magic bytes: 25504446
4. Header signatures check passed, header signatures: 25504446
5. Footer signatures check passed, footer signatures: 2525454f46
2. executeAfterPlugins executed successfully: executeAfterPlugins completed: 
	a. Success for step: clean_pdf_documents2.step1
	b. Success for step: clean_pdf_documents3.step1
3. File name: test.pdf has been successfully encoded to: dGVzdC5wZGY=.pdf
4. File is valid: test.pdf
]]></system-err>
  </testcase>
  <testcase name="testValidInputsBytesStore" classname="dev.filechampion.filechampion4j.FileValidatorTest" time="2.033">
    <system-err><![CDATA[May 04, 2023 5:51:16 PM dev.filechampion.filechampion4j.Extensions logInfo
INFO: Loaded Validations Configurtion
May 04, 2023 5:51:17 PM dev.filechampion.filechampion4j.FileValidator logInfo
INFO: Validating test_test.pdf, as file type: Documents
May 04, 2023 5:51:17 PM dev.filechampion.filechampion4j.FileValidator logInfo
INFO: executeBeforePlugins completed: 
	a. Success for step: clean_pdf_documents1.step1
May 04, 2023 5:51:18 PM dev.filechampion.filechampion4j.FileValidator logInfo
INFO: 
1. executeBeforePlugins executed successfully: executeBeforePlugins completed: 
	a. Success for step: clean_pdf_documents1.step1
1. File size check passed, file size: 343KB
2. Mime type check passed, mime type: application/pdf
3. Magic bytes check passed, magic bytes: 25504446
4. Header signatures check passed, header signatures: 25504446
5. Footer signatures check passed, footer signatures: 2525454f46
2. executeAfterPlugins executed successfully: executeAfterPlugins completed: 
	a. Success for step: clean_pdf_documents2.step1
	b. Success for step: clean_pdf_documents3.step1
3. File name: test_test.pdf has been successfully encoded to: dGVzdF90ZXN0LnBkZg==.pdf
4. File is valid and was saved to output directory: C:\Users\User1\AppData\Local\Temp\junit5826814181872316774\dGVzdF90ZXN0LnBkZg==.pdf
]]></system-err>
  </testcase>
  <testcase name="testInvalidExtension" classname="dev.filechampion.filechampion4j.FileValidatorTest" time="0.455">
    <system-err><![CDATA[May 04, 2023 5:51:18 PM dev.filechampion.filechampion4j.Extensions logInfo
INFO: Loaded Validations Configurtion
May 04, 2023 5:51:18 PM dev.filechampion.filechampion4j.FileValidator logInfo
INFO: Validating test.txt, as file type: Documents
May 04, 2023 5:51:18 PM dev.filechampion.filechampion4j.Extensions logWarn
WARNING: extension txt not found
]]></system-err>
  </testcase>
  <testcase name="testValidInputsPathMime" classname="dev.filechampion.filechampion4j.FileValidatorTest" time="1.867">
    <system-err><![CDATA[May 04, 2023 5:51:19 PM dev.filechampion.filechampion4j.Extensions logInfo
INFO: Loaded Validations Configurtion
May 04, 2023 5:51:19 PM dev.filechampion.filechampion4j.FileValidator logInfo
INFO: Validating test.pdf, as file type: Documents
May 04, 2023 5:51:20 PM dev.filechampion.filechampion4j.FileValidator logInfo
INFO: executeBeforePlugins completed: 
	a. Success for step: clean_pdf_documents1.step1
May 04, 2023 5:51:20 PM dev.filechampion.filechampion4j.FileValidator logInfo
INFO: 
1. executeBeforePlugins executed successfully: executeBeforePlugins completed: 
	a. Success for step: clean_pdf_documents1.step1
1. File size check passed, file size: 343KB
2. Mime type check passed, mime type: application/pdf
3. Magic bytes check passed, magic bytes: 25504446
4. Header signatures check passed, header signatures: 25504446
5. Footer signatures check passed, footer signatures: 2525454f46
2. executeAfterPlugins executed successfully: executeAfterPlugins completed: 
	a. Success for step: clean_pdf_documents2.step1
	b. Success for step: clean_pdf_documents3.step1
3. File name: test.pdf has been successfully encoded to: dGVzdC5wZGY=.pdf
4. File is valid: test.pdf
]]></system-err>
  </testcase>
  <testcase name="testValidInputsBytesNoExtFilename" classname="dev.filechampion.filechampion4j.FileValidatorTest" time="0.854">
    <system-err><![CDATA[May 04, 2023 5:51:21 PM dev.filechampion.filechampion4j.Extensions logInfo
INFO: Loaded Validations Configurtion
]]></system-err>
  </testcase>
  <testcase name="testValidInputsNoPathMimeStore" classname="dev.filechampion.filechampion4j.FileValidatorTest" time="0.619">
    <system-err><![CDATA[May 04, 2023 5:51:22 PM dev.filechampion.filechampion4j.Extensions logInfo
INFO: Loaded Validations Configurtion
]]></system-err>
  </testcase>
  <testcase name="testEmptyConfigJsonObject" classname="dev.filechampion.filechampion4j.FileValidatorTest" time="0.463">
    <system-err><![CDATA[May 04, 2023 5:51:22 PM dev.filechampion.filechampion4j.Extensions logInfo
INFO: Loaded Validations Configurtion
]]></system-err>
  </testcase>
</testsuite>