<?xml version="1.0" encoding="UTF-8"?>
<testsuite xmlns:xsi="http://www.w3.org/2001/XMLSchema-instance" xsi:noNamespaceSchemaLocation="https://maven.apache.org/surefire/maven-surefire-plugin/xsd/surefire-test-report-3.0.xsd" version="3.0" name="com.blumo.FileSentry4J.ConfigParserTest" time="0.21" tests="3" errors="0" skipped="0" failures="0">
  <properties>
[...]
</properties>
  <testcase name="testParsingAllowedExtensions" classname="com.blumo.FileSentry4J.ConfigParserTest" time="0.188"/>
  <testcase name="testParsingDocConfig" classname="com.blumo.FileSentry4J.ConfigParserTest" time="0.003"/>
  <testcase name="testParsingPDFConfig" classname="com.blumo.FileSentry4J.ConfigParserTest" time="0.001"/>
</testsuite>